#-----------------------------------------------------------
# Vivado v2024.2 (64-bit)
# SW Build 5239630 on Fri Nov 08 22:35:27 MST 2024
# IP Build 5239520 on Sun Nov 10 16:12:51 MST 2024
# SharedData Build 5239561 on Fri Nov 08 14:39:27 MST 2024
# Start of session at: Tue Sep 30 00:50:41 2025
# Process ID         : 22220
# Current directory  : C:/Users/junti/VitisProjects/conv_test06/conv_test06/hls/impl/ip
# Command line       : vivado.exe -notrace -mode batch -source run_ippack.tcl
# Log file           : C:/Users/junti/VitisProjects/conv_test06/conv_test06/hls/impl/ip/vivado.log
# Journal file       : C:/Users/junti/VitisProjects/conv_test06/conv_test06/hls/impl/ip\vivado.jou
# Running On         : HJT
# Platform           : Windows Server 2016 or Windows 10
# Operating System   : 26100
# Processor Detail   : AMD Ryzen 7 6800H with Radeon Graphics         
# CPU Frequency      : 3194 MHz
# CPU Physical cores : 8
# CPU Logical cores  : 16
# Host memory        : 67852 MB
# Swap memory        : 4294 MB
# Total Virtual      : 72146 MB
# Available Virtual  : 42905 MB
#-----------------------------------------------------------
source run_ippack.tcl -notrace
INFO: calling package_hls_ip ip_types=vitis sysgen json_file=C:/Users/junti/VitisProjects/conv_test06/conv_test06/hls/hls_data.json outdir=C:/Users/junti/VitisProjects/conv_test06/conv_test06/hls/impl/ip srcdir=C:/Users/junti/VitisProjects/conv_test06/conv_test06/hls ippack_options_dict= ippack_options_dict=
INFO: Copied 1 ipmisc file(s) to C:/Users/junti/VitisProjects/conv_test06/conv_test06/hls/impl/ip/misc
INFO: Copied 136 verilog file(s) to C:/Users/junti/VitisProjects/conv_test06/conv_test06/hls/impl/ip/hdl/verilog
INFO: Copied 101 vhdl file(s) to C:/Users/junti/VitisProjects/conv_test06/conv_test06/hls/impl/ip/hdl/vhdl
INFO: Import ports from HDL: C:/Users/junti/VitisProjects/conv_test06/conv_test06/hls/impl/ip/hdl/vhdl/layers_test.vhd (layers_test)
INFO: Add axi4stream interface stream_in
INFO: Add axi4stream interface stream_out
INFO: [IP_Flow 19-234] Refreshing IP repositories
INFO: [IP_Flow 19-1704] No user IP repositories specified
INFO: [IP_Flow 19-2313] Loaded Vivado IP repository 'C:/Xilinx/Vivado/2024.2/data/ip'.
INFO: Add clock interface ap_clk
INFO: Add reset interface ap_rst_n
INFO: Calling post_process_vitis to specialize IP
INFO: Calling post_process_sysgen to specialize IP
Generating sysgen info xml from json file
INFO: Created IP C:/Users/junti/VitisProjects/conv_test06/conv_test06/hls/impl/ip/component.xml
INFO: Created IP archive C:/Users/junti/VitisProjects/conv_test06/conv_test06/hls/impl/ip/xilinx_com_hls_layers_test_1_0.zip
INFO: [Common 17-206] Exiting Vivado at Tue Sep 30 00:50:56 2025...
